{"/home/sagar/workspace/Groovy-Box/apps/ui/lib/index.tsx": {"path":"/home/sagar/workspace/Groovy-Box/apps/ui/lib/index.tsx","statementMap":{},"fnMap":{},"branchMap":{},"s":{},"f":{},"b":{},"_coverageSchema":"1a1c01bbd47fc00a2c39e90264f33305004495a9","hash":"6b493eb50c1215b0dbafbed71fb033660f283f0c"}
,"/home/sagar/workspace/Groovy-Box/apps/ui/lib/components/Accordion/Accordion.tsx": {"path":"/home/sagar/workspace/Groovy-Box/apps/ui/lib/components/Accordion/Accordion.tsx","statementMap":{"0":{"start":{"line":8,"column":18},"end":{"line":8,"column":41}},"1":{"start":{"line":10,"column":22},"end":{"line":19,"column":2}},"2":{"start":{"line":14,"column":2},"end":{"line":18,"column":4}},"3":{"start":{"line":20,"column":0},"end":{"line":20,"column":44}},"4":{"start":{"line":22,"column":25},"end":{"line":39,"column":2}},"5":{"start":{"line":26,"column":2},"end":{"line":38,"column":30}},"6":{"start":{"line":40,"column":0},"end":{"line":40,"column":70}},"7":{"start":{"line":42,"column":31},"end":{"line":45,"column":2}},"8":{"start":{"line":47,"column":25},"end":{"line":58,"column":2}},"9":{"start":{"line":51,"column":2},"end":{"line":57,"column":31}},"10":{"start":{"line":60,"column":0},"end":{"line":60,"column":70}}},"fnMap":{"0":{"name":"(anonymous_0)","decl":{"start":{"line":13,"column":2},"end":{"line":13,"column":3}},"loc":{"start":{"line":14,"column":2},"end":{"line":18,"column":4}},"line":14},"1":{"name":"(anonymous_1)","decl":{"start":{"line":25,"column":2},"end":{"line":25,"column":3}},"loc":{"start":{"line":26,"column":2},"end":{"line":38,"column":30}},"line":26},"2":{"name":"(anonymous_2)","decl":{"start":{"line":50,"column":2},"end":{"line":50,"column":3}},"loc":{"start":{"line":51,"column":2},"end":{"line":57,"column":31}},"line":51}},"branchMap":{},"s":{"0":1,"1":1,"2":0,"3":1,"4":1,"5":0,"6":1,"7":1,"8":1,"9":0,"10":1},"f":{"0":0,"1":0,"2":0},"b":{},"_coverageSchema":"1a1c01bbd47fc00a2c39e90264f33305004495a9","hash":"7004fdfdd85d8cf87cb73a26d15d5c4569d8c6a1"}
,"/home/sagar/workspace/Groovy-Box/apps/ui/lib/components/Accordion/index.tsx": {"path":"/home/sagar/workspace/Groovy-Box/apps/ui/lib/components/Accordion/index.tsx","statementMap":{},"fnMap":{},"branchMap":{},"s":{},"f":{},"b":{},"_coverageSchema":"1a1c01bbd47fc00a2c39e90264f33305004495a9","hash":"1bfbc8bc7df3f591dc95facf20f180c4f0fca9c9"}
,"/home/sagar/workspace/Groovy-Box/apps/ui/lib/components/Avatar/Avatar.tsx": {"path":"/home/sagar/workspace/Groovy-Box/apps/ui/lib/components/Avatar/Avatar.tsx","statementMap":{"0":{"start":{"line":22,"column":15},"end":{"line":46,"column":2}},"1":{"start":{"line":26,"column":21},"end":{"line":26,"column":73}},"2":{"start":{"line":28,"column":4},"end":{"line":32,"column":21}},"3":{"start":{"line":34,"column":2},"end":{"line":45,"column":4}},"4":{"start":{"line":47,"column":0},"end":{"line":47,"column":54}},"5":{"start":{"line":49,"column":20},"end":{"line":58,"column":2}},"6":{"start":{"line":53,"column":2},"end":{"line":57,"column":4}},"7":{"start":{"line":59,"column":0},"end":{"line":59,"column":60}},"8":{"start":{"line":61,"column":22},"end":{"line":71,"column":1}},"9":{"start":{"line":63,"column":4},"end":{"line":69,"column":10}},"10":{"start":{"line":73,"column":0},"end":{"line":73,"column":44}},"11":{"start":{"line":75,"column":23},"end":{"line":87,"column":2}},"12":{"start":{"line":79,"column":2},"end":{"line":86,"column":4}},"13":{"start":{"line":88,"column":0},"end":{"line":88,"column":66}}},"fnMap":{"0":{"name":"(anonymous_0)","decl":{"start":{"line":25,"column":2},"end":{"line":25,"column":3}},"loc":{"start":{"line":25,"column":72},"end":{"line":46,"column":1}},"line":25},"1":{"name":"(anonymous_1)","decl":{"start":{"line":52,"column":2},"end":{"line":52,"column":3}},"loc":{"start":{"line":53,"column":2},"end":{"line":57,"column":4}},"line":53},"2":{"name":"(anonymous_2)","decl":{"start":{"line":62,"column":2},"end":{"line":62,"column":3}},"loc":{"start":{"line":63,"column":4},"end":{"line":69,"column":10}},"line":63},"3":{"name":"(anonymous_3)","decl":{"start":{"line":78,"column":2},"end":{"line":78,"column":3}},"loc":{"start":{"line":79,"column":2},"end":{"line":86,"column":4}},"line":79}},"branchMap":{"0":{"loc":{"start":{"line":25,"column":16},"end":{"line":25,"column":33}},"type":"default-arg","locations":[{"start":{"line":25,"column":24},"end":{"line":25,"column":33}}],"line":25},"1":{"loc":{"start":{"line":25,"column":35},"end":{"line":25,"column":50}},"type":"default-arg","locations":[{"start":{"line":25,"column":42},"end":{"line":25,"column":50}}],"line":25},"2":{"loc":{"start":{"line":26,"column":21},"end":{"line":26,"column":73}},"type":"cond-expr","locations":[{"start":{"line":26,"column":42},"end":{"line":26,"column":56}},{"start":{"line":26,"column":59},"end":{"line":26,"column":73}}],"line":26},"3":{"loc":{"start":{"line":28,"column":4},"end":{"line":32,"column":21}},"type":"cond-expr","locations":[{"start":{"line":29,"column":8},"end":{"line":29,"column":17}},{"start":{"line":30,"column":8},"end":{"line":32,"column":21}}],"line":28},"4":{"loc":{"start":{"line":30,"column":8},"end":{"line":32,"column":21}},"type":"cond-expr","locations":[{"start":{"line":31,"column":10},"end":{"line":31,"column":21}},{"start":{"line":32,"column":10},"end":{"line":32,"column":21}}],"line":30}},"s":{"0":1,"1":0,"2":0,"3":0,"4":1,"5":1,"6":0,"7":1,"8":1,"9":0,"10":1,"11":1,"12":0,"13":1},"f":{"0":0,"1":0,"2":0,"3":0},"b":{"0":[0],"1":[0],"2":[0,0],"3":[0,0],"4":[0,0]},"_coverageSchema":"1a1c01bbd47fc00a2c39e90264f33305004495a9","hash":"77262715c08d53d922fda658d3e74ca295eb615c"}
,"/home/sagar/workspace/Groovy-Box/apps/ui/lib/components/Avatar/index.tsx": {"path":"/home/sagar/workspace/Groovy-Box/apps/ui/lib/components/Avatar/index.tsx","statementMap":{},"fnMap":{},"branchMap":{},"s":{},"f":{},"b":{},"_coverageSchema":"1a1c01bbd47fc00a2c39e90264f33305004495a9","hash":"3371d3586f73bbb9440140ceabd131d75f4277fc"}
,"/home/sagar/workspace/Groovy-Box/apps/ui/lib/components/Button/index.tsx": {"path":"/home/sagar/workspace/Groovy-Box/apps/ui/lib/components/Button/index.tsx","statementMap":{"0":{"start":{"line":7,"column":23},"end":{"line":31,"column":1}},"1":{"start":{"line":39,"column":15},"end":{"line":50,"column":1}},"2":{"start":{"line":41,"column":17},"end":{"line":41,"column":42}},"3":{"start":{"line":42,"column":4},"end":{"line":48,"column":6}},"4":{"start":{"line":51,"column":0},"end":{"line":51,"column":30}}},"fnMap":{"0":{"name":"(anonymous_0)","decl":{"start":{"line":40,"column":2},"end":{"line":40,"column":3}},"loc":{"start":{"line":40,"column":68},"end":{"line":49,"column":3}},"line":40}},"branchMap":{"0":{"loc":{"start":{"line":40,"column":31},"end":{"line":40,"column":46}},"type":"default-arg","locations":[{"start":{"line":40,"column":41},"end":{"line":40,"column":46}}],"line":40},"1":{"loc":{"start":{"line":41,"column":17},"end":{"line":41,"column":42}},"type":"cond-expr","locations":[{"start":{"line":41,"column":27},"end":{"line":41,"column":31}},{"start":{"line":41,"column":34},"end":{"line":41,"column":42}}],"line":41}},"s":{"0":1,"1":1,"2":9,"3":9,"4":1},"f":{"0":9},"b":{"0":[9],"1":[0,9]},"_coverageSchema":"1a1c01bbd47fc00a2c39e90264f33305004495a9","hash":"03f5360e487268094bf7c633bb1ef86261d970c7"}
,"/home/sagar/workspace/Groovy-Box/apps/ui/lib/components/Label/Label.tsx": {"path":"/home/sagar/workspace/Groovy-Box/apps/ui/lib/components/Label/Label.tsx","statementMap":{"0":{"start":{"line":7,"column":22},"end":{"line":9,"column":1}},"1":{"start":{"line":11,"column":14},"end":{"line":21,"column":2}},"2":{"start":{"line":16,"column":2},"end":{"line":20,"column":4}},"3":{"start":{"line":22,"column":0},"end":{"line":22,"column":52}}},"fnMap":{"0":{"name":"(anonymous_0)","decl":{"start":{"line":15,"column":2},"end":{"line":15,"column":3}},"loc":{"start":{"line":16,"column":2},"end":{"line":20,"column":4}},"line":16}},"branchMap":{},"s":{"0":1,"1":1,"2":0,"3":1},"f":{"0":0},"b":{},"_coverageSchema":"1a1c01bbd47fc00a2c39e90264f33305004495a9","hash":"c3306f56963003633310ccdba1cf7f5ea2fcd291"}
,"/home/sagar/workspace/Groovy-Box/apps/ui/lib/components/Label/index.ts": {"path":"/home/sagar/workspace/Groovy-Box/apps/ui/lib/components/Label/index.ts","statementMap":{},"fnMap":{},"branchMap":{},"s":{},"f":{},"b":{},"_coverageSchema":"1a1c01bbd47fc00a2c39e90264f33305004495a9","hash":"fa41b934affa62a639550febd8279cbf55560e41"}
,"/home/sagar/workspace/Groovy-Box/apps/ui/lib/components/Navigation-menu/Navigation.tsx": {"path":"/home/sagar/workspace/Groovy-Box/apps/ui/lib/components/Navigation-menu/Navigation.tsx","statementMap":{"0":{"start":{"line":8,"column":23},"end":{"line":23,"column":2}},"1":{"start":{"line":12,"column":2},"end":{"line":22,"column":33}},"2":{"start":{"line":24,"column":0},"end":{"line":24,"column":70}},"3":{"start":{"line":26,"column":27},"end":{"line":38,"column":2}},"4":{"start":{"line":30,"column":2},"end":{"line":37,"column":4}},"5":{"start":{"line":39,"column":0},"end":{"line":39,"column":74}},"6":{"start":{"line":41,"column":27},"end":{"line":41,"column":55}},"7":{"start":{"line":43,"column":35},"end":{"line":45,"column":1}},"8":{"start":{"line":47,"column":30},"end":{"line":62,"column":2}},"9":{"start":{"line":51,"column":2},"end":{"line":61,"column":36}},"10":{"start":{"line":63,"column":0},"end":{"line":63,"column":80}},"11":{"start":{"line":65,"column":30},"end":{"line":77,"column":2}},"12":{"start":{"line":69,"column":2},"end":{"line":76,"column":4}},"13":{"start":{"line":78,"column":0},"end":{"line":78,"column":80}},"14":{"start":{"line":80,"column":27},"end":{"line":80,"column":55}},"15":{"start":{"line":82,"column":31},"end":{"line":96,"column":2}},"16":{"start":{"line":86,"column":2},"end":{"line":95,"column":8}},"17":{"start":{"line":97,"column":0},"end":{"line":98,"column":47}},"18":{"start":{"line":100,"column":32},"end":{"line":114,"column":2}},"19":{"start":{"line":104,"column":2},"end":{"line":113,"column":38}},"20":{"start":{"line":115,"column":0},"end":{"line":116,"column":48}},"21":{"start":{"line":118,"column":17},"end":{"line":141,"column":2}},"22":{"start":{"line":122,"column":2},"end":{"line":140,"column":4}},"23":{"start":{"line":142,"column":0},"end":{"line":142,"column":34}}},"fnMap":{"0":{"name":"(anonymous_0)","decl":{"start":{"line":11,"column":2},"end":{"line":11,"column":3}},"loc":{"start":{"line":12,"column":2},"end":{"line":22,"column":33}},"line":12},"1":{"name":"(anonymous_1)","decl":{"start":{"line":29,"column":2},"end":{"line":29,"column":3}},"loc":{"start":{"line":30,"column":2},"end":{"line":37,"column":4}},"line":30},"2":{"name":"(anonymous_2)","decl":{"start":{"line":50,"column":2},"end":{"line":50,"column":3}},"loc":{"start":{"line":51,"column":2},"end":{"line":61,"column":36}},"line":51},"3":{"name":"(anonymous_3)","decl":{"start":{"line":68,"column":2},"end":{"line":68,"column":3}},"loc":{"start":{"line":69,"column":2},"end":{"line":76,"column":4}},"line":69},"4":{"name":"(anonymous_4)","decl":{"start":{"line":85,"column":2},"end":{"line":85,"column":3}},"loc":{"start":{"line":86,"column":2},"end":{"line":95,"column":8}},"line":86},"5":{"name":"(anonymous_5)","decl":{"start":{"line":103,"column":2},"end":{"line":103,"column":3}},"loc":{"start":{"line":104,"column":2},"end":{"line":113,"column":38}},"line":104},"6":{"name":"(anonymous_6)","decl":{"start":{"line":121,"column":2},"end":{"line":121,"column":3}},"loc":{"start":{"line":121,"column":53},"end":{"line":141,"column":1}},"line":121}},"branchMap":{},"s":{"0":1,"1":0,"2":1,"3":1,"4":0,"5":1,"6":1,"7":1,"8":1,"9":0,"10":1,"11":1,"12":0,"13":1,"14":1,"15":1,"16":0,"17":1,"18":1,"19":0,"20":1,"21":1,"22":0,"23":1},"f":{"0":0,"1":0,"2":0,"3":0,"4":0,"5":0,"6":0},"b":{},"_coverageSchema":"1a1c01bbd47fc00a2c39e90264f33305004495a9","hash":"89f034bfcb6420cda6460a006600bd5827c9e751"}
,"/home/sagar/workspace/Groovy-Box/apps/ui/lib/components/Navigation-menu/index.tsx": {"path":"/home/sagar/workspace/Groovy-Box/apps/ui/lib/components/Navigation-menu/index.tsx","statementMap":{},"fnMap":{},"branchMap":{},"s":{},"f":{},"b":{},"_coverageSchema":"1a1c01bbd47fc00a2c39e90264f33305004495a9","hash":"602f1fbc259944085a6a74f599c250f4449bdecf"}
,"/home/sagar/workspace/Groovy-Box/apps/ui/lib/components/Progress/Progress.tsx": {"path":"/home/sagar/workspace/Groovy-Box/apps/ui/lib/components/Progress/Progress.tsx","statementMap":{"0":{"start":{"line":6,"column":17},"end":{"line":23,"column":2}},"1":{"start":{"line":10,"column":2},"end":{"line":22,"column":27}},"2":{"start":{"line":24,"column":0},"end":{"line":24,"column":58}}},"fnMap":{"0":{"name":"(anonymous_0)","decl":{"start":{"line":9,"column":2},"end":{"line":9,"column":3}},"loc":{"start":{"line":10,"column":2},"end":{"line":22,"column":27}},"line":10}},"branchMap":{"0":{"loc":{"start":{"line":20,"column":48},"end":{"line":20,"column":58}},"type":"binary-expr","locations":[{"start":{"line":20,"column":48},"end":{"line":20,"column":53}},{"start":{"line":20,"column":57},"end":{"line":20,"column":58}}],"line":20}},"s":{"0":1,"1":0,"2":1},"f":{"0":0},"b":{"0":[0,0]},"_coverageSchema":"1a1c01bbd47fc00a2c39e90264f33305004495a9","hash":"7126f103bd428fdce70debb4f8dc946cca290780"}
,"/home/sagar/workspace/Groovy-Box/apps/ui/lib/components/Progress/index.tsx": {"path":"/home/sagar/workspace/Groovy-Box/apps/ui/lib/components/Progress/index.tsx","statementMap":{},"fnMap":{},"branchMap":{},"s":{},"f":{},"b":{},"_coverageSchema":"1a1c01bbd47fc00a2c39e90264f33305004495a9","hash":"cd7cb0d44bd227145df42b77353077cc318cbce2"}
,"/home/sagar/workspace/Groovy-Box/apps/ui/lib/components/Select/Select.tsx": {"path":"/home/sagar/workspace/Groovy-Box/apps/ui/lib/components/Select/Select.tsx","statementMap":{"0":{"start":{"line":7,"column":15},"end":{"line":7,"column":37}},"1":{"start":{"line":9,"column":20},"end":{"line":9,"column":47}},"2":{"start":{"line":11,"column":20},"end":{"line":11,"column":41}},"3":{"start":{"line":13,"column":22},"end":{"line":29,"column":2}},"4":{"start":{"line":17,"column":2},"end":{"line":28,"column":4}},"5":{"start":{"line":30,"column":0},"end":{"line":30,"column":64}},"6":{"start":{"line":32,"column":29},"end":{"line":46,"column":2}},"7":{"start":{"line":36,"column":2},"end":{"line":45,"column":35}},"8":{"start":{"line":47,"column":0},"end":{"line":47,"column":78}},"9":{"start":{"line":49,"column":31},"end":{"line":63,"column":2}},"10":{"start":{"line":53,"column":2},"end":{"line":62,"column":37}},"11":{"start":{"line":64,"column":0},"end":{"line":65,"column":47}},"12":{"start":{"line":67,"column":22},"end":{"line":96,"column":2}},"13":{"start":{"line":71,"column":2},"end":{"line":95,"column":27}},"14":{"start":{"line":97,"column":0},"end":{"line":97,"column":64}},"15":{"start":{"line":99,"column":20},"end":{"line":108,"column":2}},"16":{"start":{"line":103,"column":2},"end":{"line":107,"column":4}},"17":{"start":{"line":109,"column":0},"end":{"line":109,"column":60}},"18":{"start":{"line":111,"column":19},"end":{"line":131,"column":2}},"19":{"start":{"line":115,"column":2},"end":{"line":130,"column":25}},"20":{"start":{"line":132,"column":0},"end":{"line":132,"column":58}},"21":{"start":{"line":134,"column":24},"end":{"line":143,"column":2}},"22":{"start":{"line":138,"column":2},"end":{"line":142,"column":4}},"23":{"start":{"line":144,"column":0},"end":{"line":144,"column":68}}},"fnMap":{"0":{"name":"(anonymous_0)","decl":{"start":{"line":16,"column":2},"end":{"line":16,"column":3}},"loc":{"start":{"line":16,"column":46},"end":{"line":29,"column":1}},"line":16},"1":{"name":"(anonymous_1)","decl":{"start":{"line":35,"column":2},"end":{"line":35,"column":3}},"loc":{"start":{"line":36,"column":2},"end":{"line":45,"column":35}},"line":36},"2":{"name":"(anonymous_2)","decl":{"start":{"line":52,"column":2},"end":{"line":52,"column":3}},"loc":{"start":{"line":53,"column":2},"end":{"line":62,"column":37}},"line":53},"3":{"name":"(anonymous_3)","decl":{"start":{"line":70,"column":2},"end":{"line":70,"column":3}},"loc":{"start":{"line":71,"column":2},"end":{"line":95,"column":27}},"line":71},"4":{"name":"(anonymous_4)","decl":{"start":{"line":102,"column":2},"end":{"line":102,"column":3}},"loc":{"start":{"line":103,"column":2},"end":{"line":107,"column":4}},"line":103},"5":{"name":"(anonymous_5)","decl":{"start":{"line":114,"column":2},"end":{"line":114,"column":3}},"loc":{"start":{"line":115,"column":2},"end":{"line":130,"column":25}},"line":115},"6":{"name":"(anonymous_6)","decl":{"start":{"line":137,"column":2},"end":{"line":137,"column":3}},"loc":{"start":{"line":138,"column":2},"end":{"line":142,"column":4}},"line":138}},"branchMap":{"0":{"loc":{"start":{"line":70,"column":26},"end":{"line":70,"column":45}},"type":"default-arg","locations":[{"start":{"line":70,"column":37},"end":{"line":70,"column":45}}],"line":70},"1":{"loc":{"start":{"line":76,"column":8},"end":{"line":77,"column":139}},"type":"binary-expr","locations":[{"start":{"line":76,"column":8},"end":{"line":76,"column":29}},{"start":{"line":77,"column":10},"end":{"line":77,"column":139}}],"line":76},"2":{"loc":{"start":{"line":87,"column":10},"end":{"line":88,"column":101}},"type":"binary-expr","locations":[{"start":{"line":87,"column":10},"end":{"line":87,"column":31}},{"start":{"line":88,"column":12},"end":{"line":88,"column":101}}],"line":87}},"s":{"0":1,"1":1,"2":1,"3":1,"4":0,"5":1,"6":1,"7":0,"8":1,"9":1,"10":0,"11":1,"12":1,"13":0,"14":1,"15":1,"16":0,"17":1,"18":1,"19":0,"20":1,"21":1,"22":0,"23":1},"f":{"0":0,"1":0,"2":0,"3":0,"4":0,"5":0,"6":0},"b":{"0":[0],"1":[0,0],"2":[0,0]},"_coverageSchema":"1a1c01bbd47fc00a2c39e90264f33305004495a9","hash":"153c5e73a2296a1685aa8dad459bda355712e59b"}
,"/home/sagar/workspace/Groovy-Box/apps/ui/lib/components/Select/index.tsx": {"path":"/home/sagar/workspace/Groovy-Box/apps/ui/lib/components/Select/index.tsx","statementMap":{},"fnMap":{},"branchMap":{},"s":{},"f":{},"b":{},"_coverageSchema":"1a1c01bbd47fc00a2c39e90264f33305004495a9","hash":"4eb71c6cda7dd45fa3795998df7d41aead85e5c8"}
,"/home/sagar/workspace/Groovy-Box/apps/ui/lib/components/Switch/Switch.tsx": {"path":"/home/sagar/workspace/Groovy-Box/apps/ui/lib/components/Switch/Switch.tsx","statementMap":{"0":{"start":{"line":7,"column":25},"end":{"line":10,"column":2}},"1":{"start":{"line":12,"column":26},"end":{"line":15,"column":2}},"2":{"start":{"line":17,"column":15},"end":{"line":28,"column":2}},"3":{"start":{"line":21,"column":2},"end":{"line":27,"column":26}},"4":{"start":{"line":29,"column":0},"end":{"line":29,"column":55}}},"fnMap":{"0":{"name":"(anonymous_0)","decl":{"start":{"line":20,"column":2},"end":{"line":20,"column":3}},"loc":{"start":{"line":21,"column":2},"end":{"line":27,"column":26}},"line":21}},"branchMap":{},"s":{"0":1,"1":1,"2":1,"3":0,"4":1},"f":{"0":0},"b":{},"_coverageSchema":"1a1c01bbd47fc00a2c39e90264f33305004495a9","hash":"1a5c966ae0f2379746e9746ced39144195c9187c"}
,"/home/sagar/workspace/Groovy-Box/apps/ui/lib/components/Switch/index.tsx": {"path":"/home/sagar/workspace/Groovy-Box/apps/ui/lib/components/Switch/index.tsx","statementMap":{},"fnMap":{},"branchMap":{},"s":{},"f":{},"b":{},"_coverageSchema":"1a1c01bbd47fc00a2c39e90264f33305004495a9","hash":"200c6b103a6e04cb03538c393899cf4d537aa8f8"}
,"/home/sagar/workspace/Groovy-Box/apps/ui/lib/components/Textfield/index.tsx": {"path":"/home/sagar/workspace/Groovy-Box/apps/ui/lib/components/Textfield/index.tsx","statementMap":{"0":{"start":{"line":35,"column":51},"end":{"line":157,"column":1}},"1":{"start":{"line":58,"column":4},"end":{"line":58,"column":64}},"2":{"start":{"line":60,"column":21},"end":{"line":64,"column":3}},"3":{"start":{"line":66,"column":24},"end":{"line":73,"column":3}},"4":{"start":{"line":75,"column":26},"end":{"line":77,"column":4}},"5":{"start":{"line":79,"column":21},"end":{"line":79,"column":80}},"6":{"start":{"line":80,"column":19},"end":{"line":80,"column":49}},"7":{"start":{"line":81,"column":25},"end":{"line":81,"column":55}},"8":{"start":{"line":83,"column":2},"end":{"line":91,"column":16}},"9":{"start":{"line":84,"column":4},"end":{"line":86,"column":5}},"10":{"start":{"line":85,"column":6},"end":{"line":85,"column":54}},"11":{"start":{"line":88,"column":4},"end":{"line":90,"column":5}},"12":{"start":{"line":89,"column":6},"end":{"line":89,"column":56}},"13":{"start":{"line":93,"column":22},"end":{"line":100,"column":3}},"14":{"start":{"line":94,"column":19},"end":{"line":94,"column":52}},"15":{"start":{"line":95,"column":4},"end":{"line":99,"column":5}},"16":{"start":{"line":96,"column":6},"end":{"line":98,"column":53}},"17":{"start":{"line":97,"column":8},"end":{"line":97,"column":56}},"18":{"start":{"line":98,"column":11},"end":{"line":98,"column":53}},"19":{"start":{"line":102,"column":21},"end":{"line":109,"column":3}},"20":{"start":{"line":103,"column":19},"end":{"line":103,"column":52}},"21":{"start":{"line":104,"column":4},"end":{"line":108,"column":5}},"22":{"start":{"line":105,"column":6},"end":{"line":107,"column":53}},"23":{"start":{"line":106,"column":8},"end":{"line":106,"column":56}},"24":{"start":{"line":107,"column":11},"end":{"line":107,"column":53}},"25":{"start":{"line":111,"column":2},"end":{"line":156,"column":4}}},"fnMap":{"0":{"name":"(anonymous_0)","decl":{"start":{"line":35,"column":51},"end":{"line":35,"column":52}},"loc":{"start":{"line":56,"column":6},"end":{"line":157,"column":1}},"line":56},"1":{"name":"(anonymous_1)","decl":{"start":{"line":83,"column":12},"end":{"line":83,"column":13}},"loc":{"start":{"line":83,"column":18},"end":{"line":91,"column":3}},"line":83},"2":{"name":"(anonymous_2)","decl":{"start":{"line":93,"column":22},"end":{"line":93,"column":23}},"loc":{"start":{"line":93,"column":28},"end":{"line":100,"column":3}},"line":93},"3":{"name":"(anonymous_3)","decl":{"start":{"line":102,"column":21},"end":{"line":102,"column":22}},"loc":{"start":{"line":102,"column":27},"end":{"line":109,"column":3}},"line":102}},"branchMap":{"0":{"loc":{"start":{"line":36,"column":2},"end":{"line":36,"column":22}},"type":"default-arg","locations":[{"start":{"line":36,"column":12},"end":{"line":36,"column":22}}],"line":36},"1":{"loc":{"start":{"line":37,"column":2},"end":{"line":37,"column":13}},"type":"default-arg","locations":[{"start":{"line":37,"column":9},"end":{"line":37,"column":13}}],"line":37},"2":{"loc":{"start":{"line":38,"column":2},"end":{"line":38,"column":15}},"type":"default-arg","locations":[{"start":{"line":38,"column":9},"end":{"line":38,"column":15}}],"line":38},"3":{"loc":{"start":{"line":79,"column":51},"end":{"line":79,"column":78}},"type":"cond-expr","locations":[{"start":{"line":79,"column":63},"end":{"line":79,"column":69}},{"start":{"line":79,"column":72},"end":{"line":79,"column":78}}],"line":79},"4":{"loc":{"start":{"line":84,"column":4},"end":{"line":86,"column":5}},"type":"if","locations":[{"start":{"line":84,"column":4},"end":{"line":86,"column":5}},{"start":{},"end":{}}],"line":84},"5":{"loc":{"start":{"line":84,"column":8},"end":{"line":84,"column":48}},"type":"binary-expr","locations":[{"start":{"line":84,"column":8},"end":{"line":84,"column":24}},{"start":{"line":84,"column":28},"end":{"line":84,"column":48}}],"line":84},"6":{"loc":{"start":{"line":88,"column":4},"end":{"line":90,"column":5}},"type":"if","locations":[{"start":{"line":88,"column":4},"end":{"line":90,"column":5}},{"start":{},"end":{}}],"line":88},"7":{"loc":{"start":{"line":88,"column":8},"end":{"line":88,"column":76}},"type":"binary-expr","locations":[{"start":{"line":88,"column":8},"end":{"line":88,"column":24}},{"start":{"line":88,"column":29},"end":{"line":88,"column":49}},{"start":{"line":88,"column":53},"end":{"line":88,"column":75}}],"line":88},"8":{"loc":{"start":{"line":95,"column":4},"end":{"line":99,"column":5}},"type":"if","locations":[{"start":{"line":95,"column":4},"end":{"line":99,"column":5}},{"start":{},"end":{}}],"line":95},"9":{"loc":{"start":{"line":96,"column":6},"end":{"line":98,"column":53}},"type":"if","locations":[{"start":{"line":96,"column":6},"end":{"line":98,"column":53}},{"start":{"line":98,"column":11},"end":{"line":98,"column":53}}],"line":96},"10":{"loc":{"start":{"line":96,"column":10},"end":{"line":96,"column":56}},"type":"binary-expr","locations":[{"start":{"line":96,"column":10},"end":{"line":96,"column":32}},{"start":{"line":96,"column":36},"end":{"line":96,"column":56}}],"line":96},"11":{"loc":{"start":{"line":104,"column":4},"end":{"line":108,"column":5}},"type":"if","locations":[{"start":{"line":104,"column":4},"end":{"line":108,"column":5}},{"start":{},"end":{}}],"line":104},"12":{"loc":{"start":{"line":105,"column":6},"end":{"line":107,"column":53}},"type":"if","locations":[{"start":{"line":105,"column":6},"end":{"line":107,"column":53}},{"start":{"line":107,"column":11},"end":{"line":107,"column":53}}],"line":105},"13":{"loc":{"start":{"line":105,"column":10},"end":{"line":105,"column":56}},"type":"binary-expr","locations":[{"start":{"line":105,"column":10},"end":{"line":105,"column":32}},{"start":{"line":105,"column":36},"end":{"line":105,"column":56}}],"line":105},"14":{"loc":{"start":{"line":120,"column":7},"end":{"line":120,"column":68}},"type":"binary-expr","locations":[{"start":{"line":120,"column":7},"end":{"line":120,"column":12}},{"start":{"line":120,"column":16},"end":{"line":120,"column":68}}],"line":120},"15":{"loc":{"start":{"line":132,"column":9},"end":{"line":132,"column":69}},"type":"binary-expr","locations":[{"start":{"line":132,"column":9},"end":{"line":132,"column":18}},{"start":{"line":132,"column":22},"end":{"line":132,"column":69}}],"line":132},"16":{"loc":{"start":{"line":153,"column":9},"end":{"line":153,"column":65}},"type":"binary-expr","locations":[{"start":{"line":153,"column":9},"end":{"line":153,"column":16}},{"start":{"line":153,"column":20},"end":{"line":153,"column":65}}],"line":153}},"s":{"0":2,"1":8,"2":8,"3":8,"4":8,"5":8,"6":8,"7":8,"8":8,"9":8,"10":0,"11":8,"12":0,"13":8,"14":0,"15":0,"16":0,"17":0,"18":0,"19":8,"20":0,"21":0,"22":0,"23":0,"24":0,"25":8},"f":{"0":8,"1":8,"2":0,"3":0},"b":{"0":[8],"1":[8],"2":[8],"3":[8,0],"4":[0,8],"5":[8,8],"6":[0,8],"7":[8,8,8],"8":[0,0],"9":[0,0],"10":[0,0],"11":[0,0],"12":[0,0],"13":[0,0],"14":[8,8],"15":[8,8],"16":[8,8]},"_coverageSchema":"1a1c01bbd47fc00a2c39e90264f33305004495a9","hash":"08acdd135cfdfbf3fca2003a2fe78d91cbc0c774"}
,"/home/sagar/workspace/Groovy-Box/apps/ui/lib/components/Toast/Toast.tsx": {"path":"/home/sagar/workspace/Groovy-Box/apps/ui/lib/components/Toast/Toast.tsx","statementMap":{"0":{"start":{"line":9,"column":22},"end":{"line":9,"column":46}},"1":{"start":{"line":11,"column":22},"end":{"line":23,"column":2}},"2":{"start":{"line":15,"column":2},"end":{"line":22,"column":4}},"3":{"start":{"line":24,"column":0},"end":{"line":24,"column":65}},"4":{"start":{"line":26,"column":22},"end":{"line":40,"column":1}},"5":{"start":{"line":42,"column":24},"end":{"line":42,"column":47}},"6":{"start":{"line":44,"column":14},"end":{"line":56,"column":2}},"7":{"start":{"line":49,"column":2},"end":{"line":55,"column":4}},"8":{"start":{"line":57,"column":0},"end":{"line":57,"column":53}},"9":{"start":{"line":59,"column":20},"end":{"line":71,"column":2}},"10":{"start":{"line":63,"column":2},"end":{"line":70,"column":4}},"11":{"start":{"line":72,"column":0},"end":{"line":72,"column":61}},"12":{"start":{"line":74,"column":19},"end":{"line":89,"column":2}},"13":{"start":{"line":78,"column":2},"end":{"line":88,"column":26}},"14":{"start":{"line":90,"column":0},"end":{"line":90,"column":59}},"15":{"start":{"line":92,"column":19},"end":{"line":101,"column":2}},"16":{"start":{"line":96,"column":2},"end":{"line":100,"column":4}},"17":{"start":{"line":102,"column":0},"end":{"line":102,"column":59}},"18":{"start":{"line":104,"column":25},"end":{"line":113,"column":2}},"19":{"start":{"line":108,"column":2},"end":{"line":112,"column":4}},"20":{"start":{"line":114,"column":0},"end":{"line":114,"column":71}}},"fnMap":{"0":{"name":"(anonymous_0)","decl":{"start":{"line":14,"column":2},"end":{"line":14,"column":3}},"loc":{"start":{"line":15,"column":2},"end":{"line":22,"column":4}},"line":15},"1":{"name":"(anonymous_1)","decl":{"start":{"line":48,"column":2},"end":{"line":48,"column":3}},"loc":{"start":{"line":48,"column":45},"end":{"line":56,"column":1}},"line":48},"2":{"name":"(anonymous_2)","decl":{"start":{"line":62,"column":2},"end":{"line":62,"column":3}},"loc":{"start":{"line":63,"column":2},"end":{"line":70,"column":4}},"line":63},"3":{"name":"(anonymous_3)","decl":{"start":{"line":77,"column":2},"end":{"line":77,"column":3}},"loc":{"start":{"line":78,"column":2},"end":{"line":88,"column":26}},"line":78},"4":{"name":"(anonymous_4)","decl":{"start":{"line":95,"column":2},"end":{"line":95,"column":3}},"loc":{"start":{"line":96,"column":2},"end":{"line":100,"column":4}},"line":96},"5":{"name":"(anonymous_5)","decl":{"start":{"line":107,"column":2},"end":{"line":107,"column":3}},"loc":{"start":{"line":108,"column":2},"end":{"line":112,"column":4}},"line":108}},"branchMap":{},"s":{"0":1,"1":1,"2":0,"3":1,"4":1,"5":1,"6":1,"7":0,"8":1,"9":1,"10":0,"11":1,"12":1,"13":0,"14":1,"15":1,"16":0,"17":1,"18":1,"19":0,"20":1},"f":{"0":0,"1":0,"2":0,"3":0,"4":0,"5":0},"b":{},"_coverageSchema":"1a1c01bbd47fc00a2c39e90264f33305004495a9","hash":"b5494d2dcbc25df1d9c53f75d156fdbc51e2f4d8"}
,"/home/sagar/workspace/Groovy-Box/apps/ui/lib/components/Toast/Toaster.tsx": {"path":"/home/sagar/workspace/Groovy-Box/apps/ui/lib/components/Toast/Toaster.tsx","statementMap":{"0":{"start":{"line":13,"column":21},"end":{"line":13,"column":31}},"1":{"start":{"line":15,"column":2},"end":{"line":33,"column":4}},"2":{"start":{"line":18,"column":8},"end":{"line":29,"column":10}}},"fnMap":{"0":{"name":"Toaster","decl":{"start":{"line":12,"column":16},"end":{"line":12,"column":23}},"loc":{"start":{"line":12,"column":26},"end":{"line":34,"column":1}},"line":12},"1":{"name":"(anonymous_1)","decl":{"start":{"line":17,"column":18},"end":{"line":17,"column":19}},"loc":{"start":{"line":17,"column":74},"end":{"line":30,"column":7}},"line":17}},"branchMap":{"0":{"loc":{"start":{"line":21,"column":15},"end":{"line":21,"column":56}},"type":"binary-expr","locations":[{"start":{"line":21,"column":15},"end":{"line":21,"column":20}},{"start":{"line":21,"column":24},"end":{"line":21,"column":56}}],"line":21},"1":{"loc":{"start":{"line":22,"column":15},"end":{"line":24,"column":15}},"type":"binary-expr","locations":[{"start":{"line":22,"column":15},"end":{"line":22,"column":26}},{"start":{"line":23,"column":16},"end":{"line":23,"column":66}}],"line":22}},"s":{"0":0,"1":0,"2":0},"f":{"0":0,"1":0},"b":{"0":[0,0],"1":[0,0]},"_coverageSchema":"1a1c01bbd47fc00a2c39e90264f33305004495a9","hash":"369dafe138a78be5c605d6bfe426e33afe3e7f08"}
,"/home/sagar/workspace/Groovy-Box/apps/ui/lib/components/Toast/index.tsx": {"path":"/home/sagar/workspace/Groovy-Box/apps/ui/lib/components/Toast/index.tsx","statementMap":{},"fnMap":{},"branchMap":{},"s":{},"f":{},"b":{},"_coverageSchema":"1a1c01bbd47fc00a2c39e90264f33305004495a9","hash":"882217d67b013bc9e0aea71e668734d1fc023504"}
,"/home/sagar/workspace/Groovy-Box/apps/ui/lib/components/Toast/hooks/use-toast.ts": {"path":"/home/sagar/workspace/Groovy-Box/apps/ui/lib/components/Toast/hooks/use-toast.ts","statementMap":{"0":{"start":{"line":6,"column":20},"end":{"line":6,"column":21}},"1":{"start":{"line":7,"column":27},"end":{"line":7,"column":34}},"2":{"start":{"line":16,"column":20},"end":{"line":21,"column":10}},"3":{"start":{"line":25,"column":12},"end":{"line":25,"column":13}},"4":{"start":{"line":29,"column":2},"end":{"line":29,"column":48}},"5":{"start":{"line":30,"column":2},"end":{"line":30,"column":26}},"6":{"start":{"line":55,"column":22},"end":{"line":55,"column":70}},"7":{"start":{"line":57,"column":25},"end":{"line":71,"column":1}},"8":{"start":{"line":58,"column":2},"end":{"line":60,"column":3}},"9":{"start":{"line":59,"column":4},"end":{"line":59,"column":11}},"10":{"start":{"line":62,"column":18},"end":{"line":68,"column":24}},"11":{"start":{"line":63,"column":4},"end":{"line":63,"column":34}},"12":{"start":{"line":64,"column":4},"end":{"line":67,"column":7}},"13":{"start":{"line":70,"column":2},"end":{"line":70,"column":38}},"14":{"start":{"line":73,"column":23},"end":{"line":126,"column":1}},"15":{"start":{"line":74,"column":2},"end":{"line":125,"column":3}},"16":{"start":{"line":76,"column":6},"end":{"line":79,"column":8}},"17":{"start":{"line":82,"column":6},"end":{"line":87,"column":8}},"18":{"start":{"line":85,"column":10},"end":{"line":85,"column":66}},"19":{"start":{"line":90,"column":26},"end":{"line":90,"column":32}},"20":{"start":{"line":94,"column":6},"end":{"line":100,"column":7}},"21":{"start":{"line":95,"column":8},"end":{"line":95,"column":34}},"22":{"start":{"line":97,"column":8},"end":{"line":99,"column":11}},"23":{"start":{"line":98,"column":10},"end":{"line":98,"column":37}},"24":{"start":{"line":102,"column":6},"end":{"line":112,"column":8}},"25":{"start":{"line":105,"column":10},"end":{"line":110,"column":15}},"26":{"start":{"line":115,"column":6},"end":{"line":120,"column":7}},"27":{"start":{"line":116,"column":8},"end":{"line":119,"column":10}},"28":{"start":{"line":121,"column":6},"end":{"line":124,"column":8}},"29":{"start":{"line":123,"column":43},"end":{"line":123,"column":66}},"30":{"start":{"line":128,"column":49},"end":{"line":128,"column":51}},"31":{"start":{"line":130,"column":25},"end":{"line":130,"column":39}},"32":{"start":{"line":133,"column":2},"end":{"line":133,"column":45}},"33":{"start":{"line":134,"column":2},"end":{"line":136,"column":5}},"34":{"start":{"line":135,"column":4},"end":{"line":135,"column":26}},"35":{"start":{"line":142,"column":13},"end":{"line":142,"column":20}},"36":{"start":{"line":144,"column":17},"end":{"line":148,"column":6}},"37":{"start":{"line":145,"column":4},"end":{"line":148,"column":6}},"38":{"start":{"line":149,"column":18},"end":{"line":149,"column":72}},"39":{"start":{"line":149,"column":24},"end":{"line":149,"column":72}},"40":{"start":{"line":151,"column":2},"end":{"line":161,"column":5}},"41":{"start":{"line":158,"column":8},"end":{"line":158,"column":29}},"42":{"start":{"line":158,"column":19},"end":{"line":158,"column":29}},"43":{"start":{"line":163,"column":2},"end":{"line":167,"column":4}},"44":{"start":{"line":171,"column":28},"end":{"line":171,"column":62}},"45":{"start":{"line":173,"column":2},"end":{"line":181,"column":14}},"46":{"start":{"line":174,"column":4},"end":{"line":174,"column":29}},"47":{"start":{"line":175,"column":4},"end":{"line":180,"column":6}},"48":{"start":{"line":176,"column":20},"end":{"line":176,"column":47}},"49":{"start":{"line":177,"column":6},"end":{"line":179,"column":7}},"50":{"start":{"line":178,"column":8},"end":{"line":178,"column":35}},"51":{"start":{"line":183,"column":2},"end":{"line":187,"column":4}},"52":{"start":{"line":186,"column":35},"end":{"line":186,"column":79}}},"fnMap":{"0":{"name":"genId","decl":{"start":{"line":28,"column":9},"end":{"line":28,"column":14}},"loc":{"start":{"line":28,"column":17},"end":{"line":31,"column":1}},"line":28},"1":{"name":"(anonymous_1)","decl":{"start":{"line":57,"column":25},"end":{"line":57,"column":26}},"loc":{"start":{"line":57,"column":46},"end":{"line":71,"column":1}},"line":57},"2":{"name":"(anonymous_2)","decl":{"start":{"line":62,"column":29},"end":{"line":62,"column":30}},"loc":{"start":{"line":62,"column":35},"end":{"line":68,"column":3}},"line":62},"3":{"name":"(anonymous_3)","decl":{"start":{"line":73,"column":23},"end":{"line":73,"column":24}},"loc":{"start":{"line":73,"column":64},"end":{"line":126,"column":1}},"line":73},"4":{"name":"(anonymous_4)","decl":{"start":{"line":84,"column":33},"end":{"line":84,"column":34}},"loc":{"start":{"line":85,"column":10},"end":{"line":85,"column":66}},"line":85},"5":{"name":"(anonymous_5)","decl":{"start":{"line":97,"column":29},"end":{"line":97,"column":30}},"loc":{"start":{"line":97,"column":40},"end":{"line":99,"column":9}},"line":97},"6":{"name":"(anonymous_6)","decl":{"start":{"line":104,"column":33},"end":{"line":104,"column":34}},"loc":{"start":{"line":105,"column":10},"end":{"line":110,"column":15}},"line":105},"7":{"name":"(anonymous_7)","decl":{"start":{"line":123,"column":36},"end":{"line":123,"column":37}},"loc":{"start":{"line":123,"column":43},"end":{"line":123,"column":66}},"line":123},"8":{"name":"dispatch","decl":{"start":{"line":132,"column":9},"end":{"line":132,"column":17}},"loc":{"start":{"line":132,"column":34},"end":{"line":137,"column":1}},"line":132},"9":{"name":"(anonymous_9)","decl":{"start":{"line":134,"column":20},"end":{"line":134,"column":21}},"loc":{"start":{"line":134,"column":34},"end":{"line":136,"column":3}},"line":134},"10":{"name":"toast","decl":{"start":{"line":141,"column":9},"end":{"line":141,"column":14}},"loc":{"start":{"line":141,"column":36},"end":{"line":168,"column":1}},"line":141},"11":{"name":"(anonymous_11)","decl":{"start":{"line":144,"column":17},"end":{"line":144,"column":18}},"loc":{"start":{"line":145,"column":4},"end":{"line":148,"column":6}},"line":145},"12":{"name":"(anonymous_12)","decl":{"start":{"line":149,"column":18},"end":{"line":149,"column":19}},"loc":{"start":{"line":149,"column":24},"end":{"line":149,"column":72}},"line":149},"13":{"name":"(anonymous_13)","decl":{"start":{"line":157,"column":20},"end":{"line":157,"column":21}},"loc":{"start":{"line":157,"column":30},"end":{"line":159,"column":7}},"line":157},"14":{"name":"useToast","decl":{"start":{"line":170,"column":9},"end":{"line":170,"column":17}},"loc":{"start":{"line":170,"column":20},"end":{"line":188,"column":1}},"line":170},"15":{"name":"(anonymous_15)","decl":{"start":{"line":173,"column":18},"end":{"line":173,"column":19}},"loc":{"start":{"line":173,"column":24},"end":{"line":181,"column":3}},"line":173},"16":{"name":"(anonymous_16)","decl":{"start":{"line":175,"column":11},"end":{"line":175,"column":12}},"loc":{"start":{"line":175,"column":17},"end":{"line":180,"column":5}},"line":175},"17":{"name":"(anonymous_17)","decl":{"start":{"line":186,"column":13},"end":{"line":186,"column":14}},"loc":{"start":{"line":186,"column":35},"end":{"line":186,"column":79}},"line":186}},"branchMap":{"0":{"loc":{"start":{"line":58,"column":2},"end":{"line":60,"column":3}},"type":"if","locations":[{"start":{"line":58,"column":2},"end":{"line":60,"column":3}},{"start":{},"end":{}}],"line":58},"1":{"loc":{"start":{"line":74,"column":2},"end":{"line":125,"column":3}},"type":"switch","locations":[{"start":{"line":75,"column":4},"end":{"line":79,"column":8}},{"start":{"line":81,"column":4},"end":{"line":87,"column":8}},{"start":{"line":89,"column":4},"end":{"line":113,"column":5}},{"start":{"line":114,"column":4},"end":{"line":124,"column":8}}],"line":74},"2":{"loc":{"start":{"line":85,"column":10},"end":{"line":85,"column":66}},"type":"cond-expr","locations":[{"start":{"line":85,"column":37},"end":{"line":85,"column":62}},{"start":{"line":85,"column":65},"end":{"line":85,"column":66}}],"line":85},"3":{"loc":{"start":{"line":94,"column":6},"end":{"line":100,"column":7}},"type":"if","locations":[{"start":{"line":94,"column":6},"end":{"line":100,"column":7}},{"start":{"line":96,"column":13},"end":{"line":100,"column":7}}],"line":94},"4":{"loc":{"start":{"line":105,"column":10},"end":{"line":110,"column":15}},"type":"cond-expr","locations":[{"start":{"line":106,"column":14},"end":{"line":109,"column":15}},{"start":{"line":110,"column":14},"end":{"line":110,"column":15}}],"line":105},"5":{"loc":{"start":{"line":105,"column":10},"end":{"line":105,"column":51}},"type":"binary-expr","locations":[{"start":{"line":105,"column":10},"end":{"line":105,"column":26}},{"start":{"line":105,"column":30},"end":{"line":105,"column":51}}],"line":105},"6":{"loc":{"start":{"line":115,"column":6},"end":{"line":120,"column":7}},"type":"if","locations":[{"start":{"line":115,"column":6},"end":{"line":120,"column":7}},{"start":{},"end":{}}],"line":115},"7":{"loc":{"start":{"line":158,"column":8},"end":{"line":158,"column":29}},"type":"if","locations":[{"start":{"line":158,"column":8},"end":{"line":158,"column":29}},{"start":{},"end":{}}],"line":158},"8":{"loc":{"start":{"line":177,"column":6},"end":{"line":179,"column":7}},"type":"if","locations":[{"start":{"line":177,"column":6},"end":{"line":179,"column":7}},{"start":{},"end":{}}],"line":177}},"s":{"0":1,"1":1,"2":1,"3":1,"4":0,"5":0,"6":1,"7":1,"8":0,"9":0,"10":0,"11":0,"12":0,"13":0,"14":1,"15":0,"16":0,"17":0,"18":0,"19":0,"20":0,"21":0,"22":0,"23":0,"24":0,"25":0,"26":0,"27":0,"28":0,"29":0,"30":1,"31":1,"32":0,"33":0,"34":0,"35":0,"36":0,"37":0,"38":0,"39":0,"40":0,"41":0,"42":0,"43":0,"44":0,"45":0,"46":0,"47":0,"48":0,"49":0,"50":0,"51":0,"52":0},"f":{"0":0,"1":0,"2":0,"3":0,"4":0,"5":0,"6":0,"7":0,"8":0,"9":0,"10":0,"11":0,"12":0,"13":0,"14":0,"15":0,"16":0,"17":0},"b":{"0":[0,0],"1":[0,0,0,0],"2":[0,0],"3":[0,0],"4":[0,0],"5":[0,0],"6":[0,0],"7":[0,0],"8":[0,0]},"_coverageSchema":"1a1c01bbd47fc00a2c39e90264f33305004495a9","hash":"9e4b10823cd85c54f97d619411c7096414ce5331"}
,"/home/sagar/workspace/Groovy-Box/apps/ui/lib/components/Typography/Slot.tsx": {"path":"/home/sagar/workspace/Groovy-Box/apps/ui/lib/components/Typography/Slot.tsx","statementMap":{"0":{"start":{"line":4,"column":20},"end":{"line":21,"column":1}},"1":{"start":{"line":10,"column":2},"end":{"line":16,"column":3}},"2":{"start":{"line":11,"column":4},"end":{"line":15,"column":7}},"3":{"start":{"line":17,"column":2},"end":{"line":19,"column":3}},"4":{"start":{"line":18,"column":4},"end":{"line":18,"column":24}},"5":{"start":{"line":20,"column":2},"end":{"line":20,"column":14}}},"fnMap":{"0":{"name":"(anonymous_0)","decl":{"start":{"line":4,"column":20},"end":{"line":4,"column":21}},"loc":{"start":{"line":9,"column":6},"end":{"line":21,"column":1}},"line":9}},"branchMap":{"0":{"loc":{"start":{"line":10,"column":2},"end":{"line":16,"column":3}},"type":"if","locations":[{"start":{"line":10,"column":2},"end":{"line":16,"column":3}},{"start":{},"end":{}}],"line":10},"1":{"loc":{"start":{"line":17,"column":2},"end":{"line":19,"column":3}},"type":"if","locations":[{"start":{"line":17,"column":2},"end":{"line":19,"column":3}},{"start":{},"end":{}}],"line":17}},"s":{"0":2,"1":0,"2":0,"3":0,"4":0,"5":0},"f":{"0":0},"b":{"0":[0,0],"1":[0,0]},"_coverageSchema":"1a1c01bbd47fc00a2c39e90264f33305004495a9","hash":"39cd8ebea7aa6a959e565b4da2567b15fc91f39c"}
,"/home/sagar/workspace/Groovy-Box/apps/ui/lib/components/Typography/Text.tsx": {"path":"/home/sagar/workspace/Groovy-Box/apps/ui/lib/components/Typography/Text.tsx","statementMap":{"0":{"start":{"line":16,"column":41},"end":{"line":52,"column":1}},"1":{"start":{"line":26,"column":20},"end":{"line":36,"column":3}},"2":{"start":{"line":38,"column":15},"end":{"line":38,"column":35}},"3":{"start":{"line":39,"column":21},"end":{"line":39,"column":79}},"4":{"start":{"line":40,"column":24},"end":{"line":40,"column":77}},"5":{"start":{"line":42,"column":2},"end":{"line":51,"column":4}}},"fnMap":{"0":{"name":"(anonymous_0)","decl":{"start":{"line":16,"column":41},"end":{"line":16,"column":42}},"loc":{"start":{"line":25,"column":6},"end":{"line":52,"column":1}},"line":25}},"branchMap":{"0":{"loc":{"start":{"line":22,"column":2},"end":{"line":22,"column":17}},"type":"default-arg","locations":[{"start":{"line":22,"column":12},"end":{"line":22,"column":17}}],"line":22},"1":{"loc":{"start":{"line":27,"column":15},"end":{"line":27,"column":36}},"type":"binary-expr","locations":[{"start":{"line":27,"column":15},"end":{"line":27,"column":24}},{"start":{"line":27,"column":28},"end":{"line":27,"column":36}}],"line":27},"2":{"loc":{"start":{"line":31,"column":13},"end":{"line":31,"column":47}},"type":"cond-expr","locations":[{"start":{"line":31,"column":23},"end":{"line":31,"column":37}},{"start":{"line":31,"column":40},"end":{"line":31,"column":47}}],"line":31},"3":{"loc":{"start":{"line":34,"column":11},"end":{"line":34,"column":29}},"type":"binary-expr","locations":[{"start":{"line":34,"column":11},"end":{"line":34,"column":16}},{"start":{"line":34,"column":20},"end":{"line":34,"column":29}}],"line":34},"4":{"loc":{"start":{"line":35,"column":21},"end":{"line":35,"column":42}},"type":"binary-expr","locations":[{"start":{"line":35,"column":21},"end":{"line":35,"column":29}},{"start":{"line":35,"column":33},"end":{"line":35,"column":42}}],"line":35},"5":{"loc":{"start":{"line":38,"column":15},"end":{"line":38,"column":35}},"type":"cond-expr","locations":[{"start":{"line":38,"column":25},"end":{"line":38,"column":29}},{"start":{"line":38,"column":32},"end":{"line":38,"column":35}}],"line":38}},"s":{"0":2,"1":4,"2":4,"3":4,"4":4,"5":4},"f":{"0":4},"b":{"0":[4],"1":[4,3],"2":[0,4],"3":[4,4],"4":[4,4],"5":[0,4]},"_coverageSchema":"1a1c01bbd47fc00a2c39e90264f33305004495a9","hash":"74f56f03a641d99eee986e591e3885be1a767538"}
,"/home/sagar/workspace/Groovy-Box/apps/ui/lib/components/Typography/constants.ts": {"path":"/home/sagar/workspace/Groovy-Box/apps/ui/lib/components/Typography/constants.ts","statementMap":{"0":{"start":{"line":1,"column":32},"end":{"line":21,"column":10}}},"fnMap":{},"branchMap":{},"s":{"0":2},"f":{},"b":{},"_coverageSchema":"1a1c01bbd47fc00a2c39e90264f33305004495a9","hash":"e173b449c83dfd6b4d5fb3ff88eef139aa18c035"}
,"/home/sagar/workspace/Groovy-Box/apps/ui/lib/components/Typography/index.ts": {"path":"/home/sagar/workspace/Groovy-Box/apps/ui/lib/components/Typography/index.ts","statementMap":{},"fnMap":{},"branchMap":{},"s":{},"f":{},"b":{},"_coverageSchema":"1a1c01bbd47fc00a2c39e90264f33305004495a9","hash":"f67109e392c9f03c7a75f86d2dd708b116cb0ed7"}
,"/home/sagar/workspace/Groovy-Box/apps/ui/stories/Button.stories.tsx": {"path":"/home/sagar/workspace/Groovy-Box/apps/ui/stories/Button.stories.tsx","statementMap":{"0":{"start":{"line":10,"column":24},"end":{"line":36,"column":1}},"1":{"start":{"line":11,"column":2},"end":{"line":35,"column":8}},"2":{"start":{"line":38,"column":30},"end":{"line":40,"column":1}},"3":{"start":{"line":39,"column":2},"end":{"line":39,"column":78}},"4":{"start":{"line":42,"column":21},"end":{"line":62,"column":1}},"5":{"start":{"line":43,"column":2},"end":{"line":61,"column":8}},"6":{"start":{"line":64,"column":0},"end":{"line":67,"column":2}}},"fnMap":{"0":{"name":"(anonymous_0)","decl":{"start":{"line":10,"column":24},"end":{"line":10,"column":25}},"loc":{"start":{"line":11,"column":2},"end":{"line":35,"column":8}},"line":11},"1":{"name":"(anonymous_1)","decl":{"start":{"line":38,"column":30},"end":{"line":38,"column":31}},"loc":{"start":{"line":38,"column":36},"end":{"line":40,"column":1}},"line":38},"2":{"name":"(anonymous_2)","decl":{"start":{"line":42,"column":21},"end":{"line":42,"column":22}},"loc":{"start":{"line":43,"column":2},"end":{"line":61,"column":8}},"line":43}},"branchMap":{},"s":{"0":1,"1":1,"2":1,"3":0,"4":1,"5":1,"6":1},"f":{"0":1,"1":0,"2":1},"b":{},"_coverageSchema":"1a1c01bbd47fc00a2c39e90264f33305004495a9","hash":"d8da0f3ee9ee972fa696089b1d02794ca651dab8"}
,"/home/sagar/workspace/Groovy-Box/apps/ui/utils/utils.ts": {"path":"/home/sagar/workspace/Groovy-Box/apps/ui/utils/utils.ts","statementMap":{"0":{"start":{"line":5,"column":2},"end":{"line":5,"column":30}}},"fnMap":{"0":{"name":"cn","decl":{"start":{"line":4,"column":16},"end":{"line":4,"column":18}},"loc":{"start":{"line":4,"column":44},"end":{"line":6,"column":1}},"line":4}},"branchMap":{},"s":{"0":13},"f":{"0":13},"b":{},"_coverageSchema":"1a1c01bbd47fc00a2c39e90264f33305004495a9","hash":"34114dfb1d70cd2bedbd25817ff71033444d47b2"}
}
