TN:
SF:lib/index.tsx
FNF:0
FNH:0
LF:0
LH:0
BRF:0
BRH:0
end_of_record
TN:
SF:lib/components/Accordion/Accordion.tsx
FN:13,(anonymous_0)
FN:25,(anonymous_1)
FN:50,(anonymous_2)
FNF:3
FNH:0
FNDA:0,(anonymous_0)
FNDA:0,(anonymous_1)
FNDA:0,(anonymous_2)
DA:8,1
DA:10,1
DA:14,0
DA:20,1
DA:22,1
DA:26,0
DA:40,1
DA:42,1
DA:47,1
DA:51,0
DA:60,1
LF:11
LH:8
BRF:0
BRH:0
end_of_record
TN:
SF:lib/components/Accordion/index.tsx
FNF:0
FNH:0
LF:0
LH:0
BRF:0
BRH:0
end_of_record
TN:
SF:lib/components/Avatar/Avatar.tsx
FN:25,(anonymous_0)
FN:52,(anonymous_1)
FN:62,(anonymous_2)
FN:78,(anonymous_3)
FNF:4
FNH:0
FNDA:0,(anonymous_0)
FNDA:0,(anonymous_1)
FNDA:0,(anonymous_2)
FNDA:0,(anonymous_3)
DA:22,1
DA:26,0
DA:28,0
DA:34,0
DA:47,1
DA:49,1
DA:53,0
DA:59,1
DA:61,1
DA:63,0
DA:73,1
DA:75,1
DA:79,0
DA:88,1
LF:14
LH:8
BRDA:25,0,0,0
BRDA:25,1,0,0
BRDA:26,2,0,0
BRDA:26,2,1,0
BRDA:28,3,0,0
BRDA:28,3,1,0
BRDA:30,4,0,0
BRDA:30,4,1,0
BRF:8
BRH:0
end_of_record
TN:
SF:lib/components/Avatar/index.tsx
FNF:0
FNH:0
LF:0
LH:0
BRF:0
BRH:0
end_of_record
TN:
SF:lib/components/Button/index.tsx
FN:40,(anonymous_0)
FNF:1
FNH:1
FNDA:9,(anonymous_0)
DA:7,1
DA:39,1
DA:41,9
DA:42,9
DA:51,1
LF:5
LH:5
BRDA:40,0,0,9
BRDA:41,1,0,0
BRDA:41,1,1,9
BRF:3
BRH:2
end_of_record
TN:
SF:lib/components/Label/Label.tsx
FN:15,(anonymous_0)
FNF:1
FNH:0
FNDA:0,(anonymous_0)
DA:7,1
DA:11,1
DA:16,0
DA:22,1
LF:4
LH:3
BRF:0
BRH:0
end_of_record
TN:
SF:lib/components/Label/index.ts
FNF:0
FNH:0
LF:0
LH:0
BRF:0
BRH:0
end_of_record
TN:
SF:lib/components/Navigation-menu/Navigation.tsx
FN:11,(anonymous_0)
FN:29,(anonymous_1)
FN:50,(anonymous_2)
FN:68,(anonymous_3)
FN:85,(anonymous_4)
FN:103,(anonymous_5)
FN:121,(anonymous_6)
FNF:7
FNH:0
FNDA:0,(anonymous_0)
FNDA:0,(anonymous_1)
FNDA:0,(anonymous_2)
FNDA:0,(anonymous_3)
FNDA:0,(anonymous_4)
FNDA:0,(anonymous_5)
FNDA:0,(anonymous_6)
DA:8,1
DA:12,0
DA:24,1
DA:26,1
DA:30,0
DA:39,1
DA:41,1
DA:43,1
DA:47,1
DA:51,0
DA:63,1
DA:65,1
DA:69,0
DA:78,1
DA:80,1
DA:82,1
DA:86,0
DA:97,1
DA:100,1
DA:104,0
DA:115,1
DA:118,1
DA:122,0
DA:142,1
LF:24
LH:17
BRF:0
BRH:0
end_of_record
TN:
SF:lib/components/Navigation-menu/index.tsx
FNF:0
FNH:0
LF:0
LH:0
BRF:0
BRH:0
end_of_record
TN:
SF:lib/components/Progress/Progress.tsx
FN:9,(anonymous_0)
FNF:1
FNH:0
FNDA:0,(anonymous_0)
DA:6,1
DA:10,0
DA:24,1
LF:3
LH:2
BRDA:20,0,0,0
BRDA:20,0,1,0
BRF:2
BRH:0
end_of_record
TN:
SF:lib/components/Progress/index.tsx
FNF:0
FNH:0
LF:0
LH:0
BRF:0
BRH:0
end_of_record
TN:
SF:lib/components/Select/Select.tsx
FN:16,(anonymous_0)
FN:35,(anonymous_1)
FN:52,(anonymous_2)
FN:70,(anonymous_3)
FN:102,(anonymous_4)
FN:114,(anonymous_5)
FN:137,(anonymous_6)
FNF:7
FNH:0
FNDA:0,(anonymous_0)
FNDA:0,(anonymous_1)
FNDA:0,(anonymous_2)
FNDA:0,(anonymous_3)
FNDA:0,(anonymous_4)
FNDA:0,(anonymous_5)
FNDA:0,(anonymous_6)
DA:7,1
DA:9,1
DA:11,1
DA:13,1
DA:17,0
DA:30,1
DA:32,1
DA:36,0
DA:47,1
DA:49,1
DA:53,0
DA:64,1
DA:67,1
DA:71,0
DA:97,1
DA:99,1
DA:103,0
DA:109,1
DA:111,1
DA:115,0
DA:132,1
DA:134,1
DA:138,0
DA:144,1
LF:24
LH:17
BRDA:70,0,0,0
BRDA:76,1,0,0
BRDA:76,1,1,0
BRDA:87,2,0,0
BRDA:87,2,1,0
BRF:5
BRH:0
end_of_record
TN:
SF:lib/components/Select/index.tsx
FNF:0
FNH:0
LF:0
LH:0
BRF:0
BRH:0
end_of_record
TN:
SF:lib/components/Switch/Switch.tsx
FN:20,(anonymous_0)
FNF:1
FNH:0
FNDA:0,(anonymous_0)
DA:7,1
DA:12,1
DA:17,1
DA:21,0
DA:29,1
LF:5
LH:4
BRF:0
BRH:0
end_of_record
TN:
SF:lib/components/Switch/index.tsx
FNF:0
FNH:0
LF:0
LH:0
BRF:0
BRH:0
end_of_record
TN:
SF:lib/components/Textfield/index.tsx
FN:35,(anonymous_0)
FN:83,(anonymous_1)
FN:93,(anonymous_2)
FN:102,(anonymous_3)
FNF:4
FNH:2
FNDA:8,(anonymous_0)
FNDA:8,(anonymous_1)
FNDA:0,(anonymous_2)
FNDA:0,(anonymous_3)
DA:35,2
DA:58,8
DA:60,8
DA:66,8
DA:75,8
DA:79,8
DA:80,8
DA:81,8
DA:83,8
DA:84,8
DA:85,0
DA:88,8
DA:89,0
DA:93,8
DA:94,0
DA:95,0
DA:96,0
DA:97,0
DA:98,0
DA:102,8
DA:103,0
DA:104,0
DA:105,0
DA:106,0
DA:107,0
DA:111,8
LF:26
LH:14
BRDA:36,0,0,8
BRDA:37,1,0,8
BRDA:38,2,0,8
BRDA:79,3,0,8
BRDA:79,3,1,0
BRDA:84,4,0,0
BRDA:84,4,1,8
BRDA:84,5,0,8
BRDA:84,5,1,8
BRDA:88,6,0,0
BRDA:88,6,1,8
BRDA:88,7,0,8
BRDA:88,7,1,8
BRDA:88,7,2,8
BRDA:95,8,0,0
BRDA:95,8,1,0
BRDA:96,9,0,0
BRDA:96,9,1,0
BRDA:96,10,0,0
BRDA:96,10,1,0
BRDA:104,11,0,0
BRDA:104,11,1,0
BRDA:105,12,0,0
BRDA:105,12,1,0
BRDA:105,13,0,0
BRDA:105,13,1,0
BRDA:120,14,0,8
BRDA:120,14,1,8
BRDA:132,15,0,8
BRDA:132,15,1,8
BRDA:153,16,0,8
BRDA:153,16,1,8
BRF:32
BRH:17
end_of_record
TN:
SF:lib/components/Toast/Toast.tsx
FN:14,(anonymous_0)
FN:48,(anonymous_1)
FN:62,(anonymous_2)
FN:77,(anonymous_3)
FN:95,(anonymous_4)
FN:107,(anonymous_5)
FNF:6
FNH:0
FNDA:0,(anonymous_0)
FNDA:0,(anonymous_1)
FNDA:0,(anonymous_2)
FNDA:0,(anonymous_3)
FNDA:0,(anonymous_4)
FNDA:0,(anonymous_5)
DA:9,1
DA:11,1
DA:15,0
DA:24,1
DA:26,1
DA:42,1
DA:44,1
DA:49,0
DA:57,1
DA:59,1
DA:63,0
DA:72,1
DA:74,1
DA:78,0
DA:90,1
DA:92,1
DA:96,0
DA:102,1
DA:104,1
DA:108,0
DA:114,1
LF:21
LH:15
BRF:0
BRH:0
end_of_record
TN:
SF:lib/components/Toast/Toaster.tsx
FN:12,Toaster
FN:17,(anonymous_1)
FNF:2
FNH:0
FNDA:0,Toaster
FNDA:0,(anonymous_1)
DA:13,0
DA:15,0
DA:18,0
LF:3
LH:0
BRDA:21,0,0,0
BRDA:21,0,1,0
BRDA:22,1,0,0
BRDA:22,1,1,0
BRF:4
BRH:0
end_of_record
TN:
SF:lib/components/Toast/index.tsx
FNF:0
FNH:0
LF:0
LH:0
BRF:0
BRH:0
end_of_record
TN:
SF:lib/components/Toast/hooks/use-toast.ts
FN:28,genId
FN:57,(anonymous_1)
FN:62,(anonymous_2)
FN:73,(anonymous_3)
FN:84,(anonymous_4)
FN:97,(anonymous_5)
FN:104,(anonymous_6)
FN:123,(anonymous_7)
FN:132,dispatch
FN:134,(anonymous_9)
FN:141,toast
FN:144,(anonymous_11)
FN:149,(anonymous_12)
FN:157,(anonymous_13)
FN:170,useToast
FN:173,(anonymous_15)
FN:175,(anonymous_16)
FN:186,(anonymous_17)
FNF:18
FNH:0
FNDA:0,genId
FNDA:0,(anonymous_1)
FNDA:0,(anonymous_2)
FNDA:0,(anonymous_3)
FNDA:0,(anonymous_4)
FNDA:0,(anonymous_5)
FNDA:0,(anonymous_6)
FNDA:0,(anonymous_7)
FNDA:0,dispatch
FNDA:0,(anonymous_9)
FNDA:0,toast
FNDA:0,(anonymous_11)
FNDA:0,(anonymous_12)
FNDA:0,(anonymous_13)
FNDA:0,useToast
FNDA:0,(anonymous_15)
FNDA:0,(anonymous_16)
FNDA:0,(anonymous_17)
DA:6,1
DA:7,1
DA:16,1
DA:25,1
DA:29,0
DA:30,0
DA:55,1
DA:57,1
DA:58,0
DA:59,0
DA:62,0
DA:63,0
DA:64,0
DA:70,0
DA:73,1
DA:74,0
DA:76,0
DA:82,0
DA:85,0
DA:90,0
DA:94,0
DA:95,0
DA:97,0
DA:98,0
DA:102,0
DA:105,0
DA:115,0
DA:116,0
DA:121,0
DA:123,0
DA:128,1
DA:130,1
DA:133,0
DA:134,0
DA:135,0
DA:142,0
DA:144,0
DA:145,0
DA:149,0
DA:151,0
DA:158,0
DA:163,0
DA:171,0
DA:173,0
DA:174,0
DA:175,0
DA:176,0
DA:177,0
DA:178,0
DA:183,0
DA:186,0
LF:51
LH:9
BRDA:58,0,0,0
BRDA:58,0,1,0
BRDA:74,1,0,0
BRDA:74,1,1,0
BRDA:74,1,2,0
BRDA:74,1,3,0
BRDA:85,2,0,0
BRDA:85,2,1,0
BRDA:94,3,0,0
BRDA:94,3,1,0
BRDA:105,4,0,0
BRDA:105,4,1,0
BRDA:105,5,0,0
BRDA:105,5,1,0
BRDA:115,6,0,0
BRDA:115,6,1,0
BRDA:158,7,0,0
BRDA:158,7,1,0
BRDA:177,8,0,0
BRDA:177,8,1,0
BRF:20
BRH:0
end_of_record
TN:
SF:lib/components/Typography/Slot.tsx
FN:4,(anonymous_0)
FNF:1
FNH:0
FNDA:0,(anonymous_0)
DA:4,2
DA:10,0
DA:11,0
DA:17,0
DA:18,0
DA:20,0
LF:6
LH:1
BRDA:10,0,0,0
BRDA:10,0,1,0
BRDA:17,1,0,0
BRDA:17,1,1,0
BRF:4
BRH:0
end_of_record
TN:
SF:lib/components/Typography/Text.tsx
FN:16,(anonymous_0)
FNF:1
FNH:1
FNDA:4,(anonymous_0)
DA:16,2
DA:26,4
DA:38,4
DA:39,4
DA:40,4
DA:42,4
LF:6
LH:6
BRDA:22,0,0,4
BRDA:27,1,0,4
BRDA:27,1,1,3
BRDA:31,2,0,0
BRDA:31,2,1,4
BRDA:34,3,0,4
BRDA:34,3,1,4
BRDA:35,4,0,4
BRDA:35,4,1,4
BRDA:38,5,0,0
BRDA:38,5,1,4
BRF:11
BRH:9
end_of_record
TN:
SF:lib/components/Typography/constants.ts
FNF:0
FNH:0
DA:1,2
LF:1
LH:1
BRF:0
BRH:0
end_of_record
TN:
SF:lib/components/Typography/index.ts
FNF:0
FNH:0
LF:0
LH:0
BRF:0
BRH:0
end_of_record
TN:
SF:stories/Button.stories.tsx
FN:10,(anonymous_0)
FN:38,(anonymous_1)
FN:42,(anonymous_2)
FNF:3
FNH:2
FNDA:1,(anonymous_0)
FNDA:0,(anonymous_1)
FNDA:1,(anonymous_2)
DA:10,1
DA:11,1
DA:38,1
DA:39,0
DA:42,1
DA:43,1
DA:64,1
LF:7
LH:6
BRF:0
BRH:0
end_of_record
TN:
SF:utils/utils.ts
FN:4,cn
FNF:1
FNH:1
FNDA:13,cn
DA:5,13
LF:1
LH:1
BRF:0
BRH:0
end_of_record
